  Hook.cpp
FastPlace.obj : warning LNK4006: "struct _jvmtiEnv * jvm::jvenv" (?jvenv@jvm@@3PEAU_jvmtiEnv@@EA) already defined in dllmain.obj; second definition ignored
FastPlace.obj : warning LNK4006: "bool jvm::AlreadyCheckedForge" (?AlreadyCheckedForge@jvm@@3_NA) already defined in dllmain.obj; second definition ignored
FastPlace.obj : warning LNK4006: "bool jvm::isLunar" (?isLunar@jvm@@3_NA) already defined in dllmain.obj; second definition ignored
FastPlace.obj : warning LNK4006: "bool jvm::IsForgeExisting" (?IsForgeExisting@jvm@@3_NA) already defined in dllmain.obj; second definition ignored
jvm.obj : warning LNK4006: "struct _jvmtiEnv * jvm::jvenv" (?jvenv@jvm@@3PEAU_jvmtiEnv@@EA) already defined in dllmain.obj; second definition ignored
jvm.obj : warning LNK4006: "bool jvm::AlreadyCheckedForge" (?AlreadyCheckedForge@jvm@@3_NA) already defined in dllmain.obj; second definition ignored
jvm.obj : warning LNK4006: "bool jvm::isLunar" (?isLunar@jvm@@3_NA) already defined in dllmain.obj; second definition ignored
jvm.obj : warning LNK4006: "bool jvm::IsForgeExisting" (?IsForgeExisting@jvm@@3_NA) already defined in dllmain.obj; second definition ignored
classes.obj : warning LNK4006: "struct _jvmtiEnv * jvm::jvenv" (?jvenv@jvm@@3PEAU_jvmtiEnv@@EA) already defined in dllmain.obj; second definition ignored
classes.obj : warning LNK4006: "bool jvm::AlreadyCheckedForge" (?AlreadyCheckedForge@jvm@@3_NA) already defined in dllmain.obj; second definition ignored
classes.obj : warning LNK4006: "bool jvm::isLunar" (?isLunar@jvm@@3_NA) already defined in dllmain.obj; second definition ignored
classes.obj : warning LNK4006: "bool jvm::IsForgeExisting" (?IsForgeExisting@jvm@@3_NA) already defined in dllmain.obj; second definition ignored
Minecraft.obj : warning LNK4006: "struct _jvmtiEnv * jvm::jvenv" (?jvenv@jvm@@3PEAU_jvmtiEnv@@EA) already defined in dllmain.obj; second definition ignored
Minecraft.obj : warning LNK4006: "bool jvm::AlreadyCheckedForge" (?AlreadyCheckedForge@jvm@@3_NA) already defined in dllmain.obj; second definition ignored
Minecraft.obj : warning LNK4006: "bool jvm::isLunar" (?isLunar@jvm@@3_NA) already defined in dllmain.obj; second definition ignored
Minecraft.obj : warning LNK4006: "bool jvm::IsForgeExisting" (?IsForgeExisting@jvm@@3_NA) already defined in dllmain.obj; second definition ignored
Entity.obj : warning LNK4006: "struct _jvmtiEnv * jvm::jvenv" (?jvenv@jvm@@3PEAU_jvmtiEnv@@EA) already defined in dllmain.obj; second definition ignored
Entity.obj : warning LNK4006: "bool jvm::AlreadyCheckedForge" (?AlreadyCheckedForge@jvm@@3_NA) already defined in dllmain.obj; second definition ignored
Entity.obj : warning LNK4006: "bool jvm::isLunar" (?isLunar@jvm@@3_NA) already defined in dllmain.obj; second definition ignored
Entity.obj : warning LNK4006: "bool jvm::IsForgeExisting" (?IsForgeExisting@jvm@@3_NA) already defined in dllmain.obj; second definition ignored
Server.obj : warning LNK4006: "struct _jvmtiEnv * jvm::jvenv" (?jvenv@jvm@@3PEAU_jvmtiEnv@@EA) already defined in dllmain.obj; second definition ignored
Server.obj : warning LNK4006: "bool jvm::AlreadyCheckedForge" (?AlreadyCheckedForge@jvm@@3_NA) already defined in dllmain.obj; second definition ignored
Server.obj : warning LNK4006: "bool jvm::isLunar" (?isLunar@jvm@@3_NA) already defined in dllmain.obj; second definition ignored
Server.obj : warning LNK4006: "bool jvm::IsForgeExisting" (?IsForgeExisting@jvm@@3_NA) already defined in dllmain.obj; second definition ignored
LINK : warning LNK4098: defaultlib 'LIBCMT' conflicts with use of other libs; use /NODEFAULTLIB:library
LINK : warning LNK4098: defaultlib 'LIBCMTD' conflicts with use of other libs; use /NODEFAULTLIB:library
C:\Users\Snow\Music\Celeste\Celeste\x64\Release\Celeste.dll : warning LNK4088: image being generated due to /FORCE option; image may not run
  Generating code
C:\Users\Snow\Music\Celeste\Celeste\Celeste\me\snow\gui\Hook.cpp(121): warning C4715: 'WndProc': not all control paths return a value
  2 of 391 functions ( 0.5%) were compiled, the rest were copied from previous compilation.
    0 functions were new in current compilation
    2 functions had inline decision re-evaluated but remain unchanged
  Finished generating code
  Celeste.vcxproj -> C:\Users\Snow\Music\Celeste\Celeste\x64\Release\Celeste.dll
