c:\users\snow\music\celeste\celeste\celeste\x64\release\vc143.pdb
c:\users\snow\music\celeste\celeste\celeste\x64\release\server.obj
c:\users\snow\music\celeste\celeste\celeste\x64\release\entity.obj
c:\users\snow\music\celeste\celeste\celeste\x64\release\minecraft.obj
c:\users\snow\music\celeste\celeste\celeste\x64\release\classes.obj
c:\users\snow\music\celeste\celeste\celeste\x64\release\jvm.obj
c:\users\snow\music\celeste\celeste\celeste\x64\release\mapper.obj
c:\users\snow\music\celeste\celeste\celeste\x64\release\hook.obj
c:\users\snow\music\celeste\celeste\celeste\x64\release\gui.obj
c:\users\snow\music\celeste\celeste\celeste\x64\release\imgui_impl_win32.obj
c:\users\snow\music\celeste\celeste\celeste\x64\release\imgui_impl_opengl3.obj
c:\users\snow\music\celeste\celeste\celeste\x64\release\dllmain.obj
c:\users\snow\music\celeste\celeste\celeste\x64\release\celeste.ipdb
c:\users\snow\music\celeste\celeste\celeste\x64\release\celeste.iobj
c:\users\snow\music\celeste\celeste\x64\release\celeste.pdb
c:\users\snow\music\celeste\celeste\celeste\x64\release\celeste.tlog\cl.command.1.tlog
c:\users\snow\music\celeste\celeste\celeste\x64\release\celeste.tlog\cl.items.tlog
c:\users\snow\music\celeste\celeste\celeste\x64\release\celeste.tlog\cl.read.1.tlog
c:\users\snow\music\celeste\celeste\celeste\x64\release\celeste.tlog\cl.write.1.tlog
c:\users\snow\music\celeste\celeste\celeste\x64\release\celeste.tlog\link.command.1.tlog
c:\users\snow\music\celeste\celeste\celeste\x64\release\celeste.tlog\link.read.1.tlog
c:\users\snow\music\celeste\celeste\celeste\x64\release\celeste.tlog\link.secondary.1.tlog
c:\users\snow\music\celeste\celeste\celeste\x64\release\celeste.tlog\link.write.1.tlog
